Arguments: 
  /usr/local/bin/node /usr/local/bin/yarn dev

PATH: 
  /usr/local/sbin:/usr/local/bin:/usr/sbin:/usr/bin:/sbin:/bin:/usr/games:/usr/local/games:/snap/bin:/snap/bin:/home/wallace/.dotnet/tools:~/.yarn/bin:~/.yarn/bin

Yarn version: 
  1.22.17

Node version: 
  14.18.1

Platform: 
  linux x64

Trace: 
  SyntaxError: /var/www/wallacemaxters/SLAV/package.json: Unexpected token } in JSON at position 326
      at JSON.parse (<anonymous>)
      at /usr/local/lib/node_modules/yarn/lib/cli.js:1625:59
      at Generator.next (<anonymous>)
      at step (/usr/local/lib/node_modules/yarn/lib/cli.js:310:30)
      at /usr/local/lib/node_modules/yarn/lib/cli.js:321:13

npm manifest: 
  {
    "name": "admin.maxters.dev",
    "types": "types/index.d.ts",
    "version": "0.1.0",
    "private": true,
    "scripts": {
      "serve": "vue-cli-service serve",
      "build": "vue-cli-service build",
      "lint": "vue-cli-service lint",
      "dev": "cross-env NODE_ENV=development webpack-dev-server --config build/dev.js --hot",
    },
    "dependencies": {
      "@lukaspolak/kebab-case": "^0.0.2",
      "@mdi/font": "^6.5.95",
      "@tiptap/extension-image": "^2.0.0-beta.24",
      "@tiptap/starter-kit": "^2.0.0-beta.171",
      "@tiptap/vue-2": "^2.0.0-beta.75",
      "autoprefixer": "^9",
      "axios": "^0.23.0",
      "core-js": "^3.6.5",
      "moment": "^2.29.1",
      "postcss": "^7",
      "slugify": "^1.6.1",
      "tslib": "^2.3.1",
      "vue": "^2.6.11",
      "vue-class-component": "^7.2.6",
      "vue-property-decorator": "^9.1.2",
      "vue-router": "^3.2.0",
      "vuetify": "^2.4.0"
    },
    "devDependencies": {
      "@typescript-eslint/eslint-plugin": "^4.18.0",
      "@typescript-eslint/parser": "^4.18.0",
      "@vue/cli-plugin-babel": "~4.5.0",
      "@vue/cli-plugin-eslint": "~4.5.0",
      "@vue/cli-plugin-router": "~4.5.0",
      "@vue/cli-plugin-typescript": "~4.5.0",
      "@vue/cli-service": "~4.5.0",
      "@vue/eslint-config-prettier": "^6.0.0",
      "@vue/eslint-config-typescript": "^7.0.0",
      "babel-eslint": "^10.1.0",
      "eslint": "^6.7.2",
      "eslint-plugin-prettier": "^3.3.1",
      "eslint-plugin-vue": "^6.2.2",
      "prettier": "^2.2.1",
      "typescript": "~4.1.5",
      "vue-cli-plugin-vuetify": "~2.4.5",
      "vue-template-compiler": "^2.6.11",
      "vuetify-loader": "^1.7.0"
    }
    
  }

yarn manifest: 
  No manifest

Lockfile: 
  No lockfile
